{
  "stats": {
    "suites": 2,
    "tests": 8,
    "passes": 8,
    "pending": 0,
    "failures": 0,
    "start": "2023-08-25T07:49:32.940Z",
    "end": "2023-08-25T07:49:39.376Z",
    "duration": 6436,
    "testsRegistered": 8,
    "passPercent": 100,
    "pendingPercent": 0,
    "other": 0,
    "hasOther": false,
    "skipped": 0,
    "hasSkipped": false
  },
  "results": [
    {
      "uuid": "5cd68280-52e8-4576-8d2a-f3a5fe470ade",
      "title": "",
      "fullFile": "cypress\\e2e\\2-advanced-examples\\connectors.cy.js",
      "file": "cypress\\e2e\\2-advanced-examples\\connectors.cy.js",
      "beforeHooks": [],
      "afterHooks": [],
      "tests": [],
      "suites": [
        {
          "uuid": "a473cd35-0fff-4077-b1bc-f69eaf706d58",
          "title": "Connectors",
          "fullFile": "",
          "file": "",
          "beforeHooks": [],
          "afterHooks": [],
          "tests": [
            {
              "title": ".each() - iterate over an array of elements",
              "fullTitle": "Connectors .each() - iterate over an array of elements",
              "timedOut": null,
              "duration": 411,
              "state": "passed",
              "speed": "fast",
              "pass": true,
              "fail": false,
              "pending": false,
              "context": "{\n  \"title\": \"cypress-mochawesome-reporter-videos-passed\",\n  \"value\": \"cypress\\\\e2e\\\\2-advanced-examples\\\\connectors.cy.js\"\n}",
              "code": "cy.get(\".connectors-each-ul>li\").each(($el, index, $list) => {\n  console.log($el, index, $list);\n});",
              "err": {},
              "uuid": "a1576ebc-eafc-4ac1-a619-7ce493baa217",
              "parentUUID": "a473cd35-0fff-4077-b1bc-f69eaf706d58",
              "isHook": false,
              "skipped": false
            },
            {
              "title": ".its() - get properties on the current subject",
              "fullTitle": "Connectors .its() - get properties on the current subject",
              "timedOut": null,
              "duration": 344,
              "state": "passed",
              "speed": "fast",
              "pass": true,
              "fail": false,
              "pending": false,
              "context": "{\n  \"title\": \"cypress-mochawesome-reporter-videos-passed\",\n  \"value\": \"cypress\\\\e2e\\\\2-advanced-examples\\\\connectors.cy.js\"\n}",
              "code": "cy.get(\".connectors-its-ul>li\").its(\"length\").should(\"be.gt\", 2);",
              "err": {},
              "uuid": "3e4de1f9-4040-4369-b0e7-68a7bf91ebdd",
              "parentUUID": "a473cd35-0fff-4077-b1bc-f69eaf706d58",
              "isHook": false,
              "skipped": false
            },
            {
              "title": ".invoke() - invoke a function on the current subject",
              "fullTitle": "Connectors .invoke() - invoke a function on the current subject",
              "timedOut": null,
              "duration": 310,
              "state": "passed",
              "speed": "fast",
              "pass": true,
              "fail": false,
              "pending": false,
              "context": "{\n  \"title\": \"cypress-mochawesome-reporter-videos-passed\",\n  \"value\": \"cypress\\\\e2e\\\\2-advanced-examples\\\\connectors.cy.js\"\n}",
              "code": "cy.get(\".connectors-div\").should(\"be.hidden\");\ncy.get(\".connectors-div\").invoke(\"show\");\ncy.get(\".connectors-div\").should(\"be.visible\");",
              "err": {},
              "uuid": "9950b758-e144-4003-86a0-74899b721b4f",
              "parentUUID": "a473cd35-0fff-4077-b1bc-f69eaf706d58",
              "isHook": false,
              "skipped": false
            },
            {
              "title": ".spread() - spread an array as individual args to callback function",
              "fullTitle": "Connectors .spread() - spread an array as individual args to callback function",
              "timedOut": null,
              "duration": 337,
              "state": "passed",
              "speed": "fast",
              "pass": true,
              "fail": false,
              "pending": false,
              "context": "{\n  \"title\": \"cypress-mochawesome-reporter-videos-passed\",\n  \"value\": \"cypress\\\\e2e\\\\2-advanced-examples\\\\connectors.cy.js\"\n}",
              "code": "const arr = [\"foo\", \"bar\", \"baz\"];\ncy.wrap(arr).spread((foo, bar, baz) => {\n  expect(foo).to.eq(\"foo\");\n  expect(bar).to.eq(\"bar\");\n  expect(baz).to.eq(\"baz\");\n});",
              "err": {},
              "uuid": "8bab6d7f-20b7-4431-80b3-7691ec4ddffb",
              "parentUUID": "a473cd35-0fff-4077-b1bc-f69eaf706d58",
              "isHook": false,
              "skipped": false
            }
          ],
          "suites": [
            {
              "uuid": "58369a7c-adcd-484e-8aac-24ffc4602f75",
              "title": ".then()",
              "fullFile": "",
              "file": "",
              "beforeHooks": [],
              "afterHooks": [],
              "tests": [
                {
                  "title": "invokes a callback function with the current subject",
                  "fullTitle": "Connectors .then() invokes a callback function with the current subject",
                  "timedOut": null,
                  "duration": 498,
                  "state": "passed",
                  "speed": "fast",
                  "pass": true,
                  "fail": false,
                  "pending": false,
                  "context": "{\n  \"title\": \"cypress-mochawesome-reporter-videos-passed\",\n  \"value\": \"cypress\\\\e2e\\\\2-advanced-examples\\\\connectors.cy.js\"\n}",
                  "code": "cy.get(\".connectors-list > li\").then(($lis) => {\n  expect($lis, \"3 items\").to.have.length(3);\n  expect($lis.eq(0), \"first item\").to.contain(\"Walk the dog\");\n  expect($lis.eq(1), \"second item\").to.contain(\"Feed the cat\");\n  expect($lis.eq(2), \"third item\").to.contain(\"Write JavaScript\");\n});",
                  "err": {},
                  "uuid": "28e077e1-e324-4a84-b0a0-52c7f54bfd4f",
                  "parentUUID": "58369a7c-adcd-484e-8aac-24ffc4602f75",
                  "isHook": false,
                  "skipped": false
                },
                {
                  "title": "yields the returned value to the next command",
                  "fullTitle": "Connectors .then() yields the returned value to the next command",
                  "timedOut": null,
                  "duration": 354,
                  "state": "passed",
                  "speed": "fast",
                  "pass": true,
                  "fail": false,
                  "pending": false,
                  "context": "{\n  \"title\": \"cypress-mochawesome-reporter-videos-passed\",\n  \"value\": \"cypress\\\\e2e\\\\2-advanced-examples\\\\connectors.cy.js\"\n}",
                  "code": "cy.wrap(1).then((num) => {\n  expect(num).to.equal(1);\n  return 2;\n}).then((num) => {\n  expect(num).to.equal(2);\n});",
                  "err": {},
                  "uuid": "ceca1099-5542-46e3-adfd-2c215f0de41d",
                  "parentUUID": "58369a7c-adcd-484e-8aac-24ffc4602f75",
                  "isHook": false,
                  "skipped": false
                },
                {
                  "title": "yields the original subject without return",
                  "fullTitle": "Connectors .then() yields the original subject without return",
                  "timedOut": null,
                  "duration": 391,
                  "state": "passed",
                  "speed": "fast",
                  "pass": true,
                  "fail": false,
                  "pending": false,
                  "context": "{\n  \"title\": \"cypress-mochawesome-reporter-videos-passed\",\n  \"value\": \"cypress\\\\e2e\\\\2-advanced-examples\\\\connectors.cy.js\"\n}",
                  "code": "cy.wrap(1).then((num) => {\n  expect(num).to.equal(1);\n}).then((num) => {\n  expect(num).to.equal(1);\n});",
                  "err": {},
                  "uuid": "1d676b75-5fa3-42ed-9b12-c144e2f1db69",
                  "parentUUID": "58369a7c-adcd-484e-8aac-24ffc4602f75",
                  "isHook": false,
                  "skipped": false
                },
                {
                  "title": "yields the value yielded by the last Cypress command inside",
                  "fullTitle": "Connectors .then() yields the value yielded by the last Cypress command inside",
                  "timedOut": null,
                  "duration": 308,
                  "state": "passed",
                  "speed": "fast",
                  "pass": true,
                  "fail": false,
                  "pending": false,
                  "context": "{\n  \"title\": \"cypress-mochawesome-reporter-videos-passed\",\n  \"value\": \"cypress\\\\e2e\\\\2-advanced-examples\\\\connectors.cy.js\"\n}",
                  "code": "cy.wrap(1).then((num) => {\n  expect(num).to.equal(1);\n  cy.wrap(2);\n}).then((num) => {\n  expect(num).to.equal(2);\n});",
                  "err": {},
                  "uuid": "0a929121-ceb5-40fd-9c34-72d62a70738b",
                  "parentUUID": "58369a7c-adcd-484e-8aac-24ffc4602f75",
                  "isHook": false,
                  "skipped": false
                }
              ],
              "suites": [],
              "passes": [
                "28e077e1-e324-4a84-b0a0-52c7f54bfd4f",
                "ceca1099-5542-46e3-adfd-2c215f0de41d",
                "1d676b75-5fa3-42ed-9b12-c144e2f1db69",
                "0a929121-ceb5-40fd-9c34-72d62a70738b"
              ],
              "failures": [],
              "pending": [],
              "skipped": [],
              "duration": 1551,
              "root": false,
              "rootEmpty": false,
              "_timeout": 2000
            }
          ],
          "passes": [
            "a1576ebc-eafc-4ac1-a619-7ce493baa217",
            "3e4de1f9-4040-4369-b0e7-68a7bf91ebdd",
            "9950b758-e144-4003-86a0-74899b721b4f",
            "8bab6d7f-20b7-4431-80b3-7691ec4ddffb"
          ],
          "failures": [],
          "pending": [],
          "skipped": [],
          "duration": 1402,
          "root": false,
          "rootEmpty": false,
          "_timeout": 2000
        }
      ],
      "passes": [],
      "failures": [],
      "pending": [],
      "skipped": [],
      "duration": 0,
      "root": true,
      "rootEmpty": true,
      "_timeout": 2000
    }
  ],
  "meta": {
    "mocha": {
      "version": "7.0.1"
    },
    "mochawesome": {
      "options": {
        "quiet": false,
        "reportFilename": "mochawesome",
        "saveHtml": false,
        "saveJson": true,
        "consoleReporter": "spec",
        "useInlineDiffs": false,
        "code": true
      },
      "version": "7.1.3"
    },
    "marge": {
      "options": {
        "charts": true,
        "reportPageTitle": "MyReports",
        "embeddedScreenshots": true,
        "inlineAssets": true,
        "saveAllAttempts": true,
        "overwrite": false,
        "html": false,
        "json": true,
        "reportDir": "cypress\\reports\\html\\.jsons"
      },
      "version": "6.2.0"
    }
  }
}