{
  "stats": {
    "suites": 1,
    "tests": 14,
    "passes": 14,
    "pending": 0,
    "failures": 0,
    "start": "2023-08-25T07:48:26.415Z",
    "end": "2023-08-25T07:48:52.744Z",
    "duration": 26329,
    "testsRegistered": 14,
    "passPercent": 100,
    "pendingPercent": 0,
    "other": 0,
    "hasOther": false,
    "skipped": 0,
    "hasSkipped": false
  },
  "results": [
    {
      "uuid": "9204f46b-8fc3-4085-b046-de879482c036",
      "title": "",
      "fullFile": "cypress\\e2e\\2-advanced-examples\\actions.cy.js",
      "file": "cypress\\e2e\\2-advanced-examples\\actions.cy.js",
      "beforeHooks": [],
      "afterHooks": [],
      "tests": [],
      "suites": [
        {
          "uuid": "d3c12ba0-bd75-49e2-8538-c49ece13b09d",
          "title": "Actions",
          "fullFile": "",
          "file": "",
          "beforeHooks": [],
          "afterHooks": [],
          "tests": [
            {
              "title": ".type() - type into a DOM element",
              "fullTitle": "Actions .type() - type into a DOM element",
              "timedOut": null,
              "duration": 5363,
              "state": "passed",
              "speed": "medium",
              "pass": true,
              "fail": false,
              "pending": false,
              "context": "{\n  \"title\": \"cypress-mochawesome-reporter-videos-passed\",\n  \"value\": \"cypress\\\\e2e\\\\2-advanced-examples\\\\actions.cy.js\"\n}",
              "code": "cy.get(\".action-email\").type(\"fake@email.com\").should(\"have.value\", \"fake@email.com\").type(\"{leftarrow}{rightarrow}{uparrow}{downarrow}\").type(\"{del}{selectall}{backspace}\").type(\"{alt}{option}\").type(\"{ctrl}{control}\").type(\"{meta}{command}{cmd}\").type(\"{shift}\").type(\"slow.typing@email.com\", { delay: 100 }).should(\"have.value\", \"slow.typing@email.com\");\ncy.get(\".action-disabled\").type(\"disabled error checking\", { force: true }).should(\"have.value\", \"disabled error checking\");",
              "err": {},
              "uuid": "61e3833b-2692-43b5-beb7-287ed27b57af",
              "parentUUID": "d3c12ba0-bd75-49e2-8538-c49ece13b09d",
              "isHook": false,
              "skipped": false
            },
            {
              "title": ".focus() - focus on a DOM element",
              "fullTitle": "Actions .focus() - focus on a DOM element",
              "timedOut": null,
              "duration": 828,
              "state": "passed",
              "speed": "fast",
              "pass": true,
              "fail": false,
              "pending": false,
              "context": "{\n  \"title\": \"cypress-mochawesome-reporter-videos-passed\",\n  \"value\": \"cypress\\\\e2e\\\\2-advanced-examples\\\\actions.cy.js\"\n}",
              "code": "cy.get(\".action-focus\").focus().should(\"have.class\", \"focus\").prev().should(\"have.attr\", \"style\", \"color: orange;\");",
              "err": {},
              "uuid": "027f35f0-7a9b-470d-a17a-e0ab314077bc",
              "parentUUID": "d3c12ba0-bd75-49e2-8538-c49ece13b09d",
              "isHook": false,
              "skipped": false
            },
            {
              "title": ".blur() - blur off a DOM element",
              "fullTitle": "Actions .blur() - blur off a DOM element",
              "timedOut": null,
              "duration": 874,
              "state": "passed",
              "speed": "fast",
              "pass": true,
              "fail": false,
              "pending": false,
              "context": "{\n  \"title\": \"cypress-mochawesome-reporter-videos-passed\",\n  \"value\": \"cypress\\\\e2e\\\\2-advanced-examples\\\\actions.cy.js\"\n}",
              "code": "cy.get(\".action-blur\").type(\"About to blur\").blur().should(\"have.class\", \"error\").prev().should(\"have.attr\", \"style\", \"color: red;\");",
              "err": {},
              "uuid": "0b8a343c-5793-41a3-93ac-aea37e9b25ab",
              "parentUUID": "d3c12ba0-bd75-49e2-8538-c49ece13b09d",
              "isHook": false,
              "skipped": false
            },
            {
              "title": ".clear() - clears an input or textarea element",
              "fullTitle": "Actions .clear() - clears an input or textarea element",
              "timedOut": null,
              "duration": 1138,
              "state": "passed",
              "speed": "fast",
              "pass": true,
              "fail": false,
              "pending": false,
              "context": "{\n  \"title\": \"cypress-mochawesome-reporter-videos-passed\",\n  \"value\": \"cypress\\\\e2e\\\\2-advanced-examples\\\\actions.cy.js\"\n}",
              "code": "cy.get(\".action-clear\").type(\"Clear this text\").should(\"have.value\", \"Clear this text\").clear().should(\"have.value\", \"\");",
              "err": {},
              "uuid": "4851b4dc-fc13-41fc-9697-4c95a4bbfd7b",
              "parentUUID": "d3c12ba0-bd75-49e2-8538-c49ece13b09d",
              "isHook": false,
              "skipped": false
            },
            {
              "title": ".submit() - submit a form",
              "fullTitle": "Actions .submit() - submit a form",
              "timedOut": null,
              "duration": 1049,
              "state": "passed",
              "speed": "fast",
              "pass": true,
              "fail": false,
              "pending": false,
              "context": "{\n  \"title\": \"cypress-mochawesome-reporter-videos-passed\",\n  \"value\": \"cypress\\\\e2e\\\\2-advanced-examples\\\\actions.cy.js\"\n}",
              "code": "cy.get(\".action-form\").find('[type=\"text\"]').type(\"HALFOFF\");\ncy.get(\".action-form\").submit().next().should(\"contain\", \"Your form has been submitted!\");",
              "err": {},
              "uuid": "73ed1772-6664-4224-a621-6abb0edcd7af",
              "parentUUID": "d3c12ba0-bd75-49e2-8538-c49ece13b09d",
              "isHook": false,
              "skipped": false
            },
            {
              "title": ".click() - click on a DOM element",
              "fullTitle": "Actions .click() - click on a DOM element",
              "timedOut": null,
              "duration": 3884,
              "state": "passed",
              "speed": "fast",
              "pass": true,
              "fail": false,
              "pending": false,
              "context": "{\n  \"title\": \"cypress-mochawesome-reporter-videos-passed\",\n  \"value\": \"cypress\\\\e2e\\\\2-advanced-examples\\\\actions.cy.js\"\n}",
              "code": "cy.get(\".action-btn\").click();\ncy.get(\"#action-canvas\").click();\ncy.get(\"#action-canvas\").click(\"topLeft\");\ncy.get(\"#action-canvas\").click(\"top\");\ncy.get(\"#action-canvas\").click(\"topRight\");\ncy.get(\"#action-canvas\").click(\"left\");\ncy.get(\"#action-canvas\").click(\"right\");\ncy.get(\"#action-canvas\").click(\"bottomLeft\");\ncy.get(\"#action-canvas\").click(\"bottom\");\ncy.get(\"#action-canvas\").click(\"bottomRight\");\ncy.get(\"#action-canvas\").click(80, 75).click(170, 75).click(80, 165).click(100, 185).click(125, 190).click(150, 185).click(170, 165);\ncy.get(\".action-labels>.label\").click({ multiple: true });\ncy.get(\".action-opacity>.btn\").click({ force: true });",
              "err": {},
              "uuid": "13d61351-af07-4d18-9da6-34ba9b9236c6",
              "parentUUID": "d3c12ba0-bd75-49e2-8538-c49ece13b09d",
              "isHook": false,
              "skipped": false
            },
            {
              "title": ".dblclick() - double click on a DOM element",
              "fullTitle": "Actions .dblclick() - double click on a DOM element",
              "timedOut": null,
              "duration": 773,
              "state": "passed",
              "speed": "fast",
              "pass": true,
              "fail": false,
              "pending": false,
              "context": "{\n  \"title\": \"cypress-mochawesome-reporter-videos-passed\",\n  \"value\": \"cypress\\\\e2e\\\\2-advanced-examples\\\\actions.cy.js\"\n}",
              "code": "cy.get(\".action-div\").dblclick().should(\"not.be.visible\");\ncy.get(\".action-input-hidden\").should(\"be.visible\");",
              "err": {},
              "uuid": "a5a73d2c-ea0f-4424-a0bb-0fad15909db4",
              "parentUUID": "d3c12ba0-bd75-49e2-8538-c49ece13b09d",
              "isHook": false,
              "skipped": false
            },
            {
              "title": ".rightclick() - right click on a DOM element",
              "fullTitle": "Actions .rightclick() - right click on a DOM element",
              "timedOut": null,
              "duration": 671,
              "state": "passed",
              "speed": "fast",
              "pass": true,
              "fail": false,
              "pending": false,
              "context": "{\n  \"title\": \"cypress-mochawesome-reporter-videos-passed\",\n  \"value\": \"cypress\\\\e2e\\\\2-advanced-examples\\\\actions.cy.js\"\n}",
              "code": "cy.get(\".rightclick-action-div\").rightclick().should(\"not.be.visible\");\ncy.get(\".rightclick-action-input-hidden\").should(\"be.visible\");",
              "err": {},
              "uuid": "39e491ca-f78b-42b0-b35f-85d2d8024d0f",
              "parentUUID": "d3c12ba0-bd75-49e2-8538-c49ece13b09d",
              "isHook": false,
              "skipped": false
            },
            {
              "title": ".check() - check a checkbox or radio element",
              "fullTitle": "Actions .check() - check a checkbox or radio element",
              "timedOut": null,
              "duration": 1619,
              "state": "passed",
              "speed": "fast",
              "pass": true,
              "fail": false,
              "pending": false,
              "context": "{\n  \"title\": \"cypress-mochawesome-reporter-videos-passed\",\n  \"value\": \"cypress\\\\e2e\\\\2-advanced-examples\\\\actions.cy.js\"\n}",
              "code": "cy.get('.action-checkboxes [type=\"checkbox\"]').not(\"[disabled]\").check().should(\"be.checked\");\ncy.get('.action-radios [type=\"radio\"]').not(\"[disabled]\").check().should(\"be.checked\");\ncy.get('.action-radios [type=\"radio\"]').check(\"radio1\").should(\"be.checked\");\ncy.get('.action-multiple-checkboxes [type=\"checkbox\"]').check([\"checkbox1\", \"checkbox2\"]).should(\"be.checked\");\ncy.get(\".action-checkboxes [disabled]\").check({ force: true }).should(\"be.checked\");\ncy.get('.action-radios [type=\"radio\"]').check(\"radio3\", { force: true }).should(\"be.checked\");",
              "err": {},
              "uuid": "4b0aba95-5de1-4a8e-b6b5-b22195c223d3",
              "parentUUID": "d3c12ba0-bd75-49e2-8538-c49ece13b09d",
              "isHook": false,
              "skipped": false
            },
            {
              "title": ".uncheck() - uncheck a checkbox element",
              "fullTitle": "Actions .uncheck() - uncheck a checkbox element",
              "timedOut": null,
              "duration": 1972,
              "state": "passed",
              "speed": "fast",
              "pass": true,
              "fail": false,
              "pending": false,
              "context": "{\n  \"title\": \"cypress-mochawesome-reporter-videos-passed\",\n  \"value\": \"cypress\\\\e2e\\\\2-advanced-examples\\\\actions.cy.js\"\n}",
              "code": "cy.get('.action-check [type=\"checkbox\"]').not(\"[disabled]\").uncheck().should(\"not.be.checked\");\ncy.get('.action-check [type=\"checkbox\"]').check(\"checkbox1\").uncheck(\"checkbox1\").should(\"not.be.checked\");\ncy.get('.action-check [type=\"checkbox\"]').check([\"checkbox1\", \"checkbox3\"]).uncheck([\"checkbox1\", \"checkbox3\"]).should(\"not.be.checked\");\ncy.get(\".action-check [disabled]\").uncheck({ force: true }).should(\"not.be.checked\");",
              "err": {},
              "uuid": "667d3c95-4930-4da5-94ba-500560a22ab6",
              "parentUUID": "d3c12ba0-bd75-49e2-8538-c49ece13b09d",
              "isHook": false,
              "skipped": false
            },
            {
              "title": ".select() - select an option in a <select> element",
              "fullTitle": "Actions .select() - select an option in a <select> element",
              "timedOut": null,
              "duration": 1539,
              "state": "passed",
              "speed": "fast",
              "pass": true,
              "fail": false,
              "pending": false,
              "context": "{\n  \"title\": \"cypress-mochawesome-reporter-videos-passed\",\n  \"value\": \"cypress\\\\e2e\\\\2-advanced-examples\\\\actions.cy.js\"\n}",
              "code": "cy.get(\".action-select\").should(\"have.value\", \"--Select a fruit--\");\ncy.get(\".action-select\").select(\"apples\");\ncy.get(\".action-select\").should(\"have.value\", \"fr-apples\");\ncy.get(\".action-select-multiple\").select([\"apples\", \"oranges\", \"bananas\"]).invoke(\"val\").should(\"deep.equal\", [\"fr-apples\", \"fr-oranges\", \"fr-bananas\"]);\ncy.get(\".action-select\").select(\"fr-bananas\").should(\"have.value\", \"fr-bananas\");\ncy.get(\".action-select-multiple\").select([\"fr-apples\", \"fr-oranges\", \"fr-bananas\"]).invoke(\"val\").should(\"deep.equal\", [\"fr-apples\", \"fr-oranges\", \"fr-bananas\"]);\ncy.get(\".action-select-multiple\").invoke(\"val\").should(\"include\", \"fr-oranges\");",
              "err": {},
              "uuid": "0f818303-b691-4e85-9b5f-287b7b6c026b",
              "parentUUID": "d3c12ba0-bd75-49e2-8538-c49ece13b09d",
              "isHook": false,
              "skipped": false
            },
            {
              "title": ".scrollIntoView() - scroll an element into view",
              "fullTitle": "Actions .scrollIntoView() - scroll an element into view",
              "timedOut": null,
              "duration": 423,
              "state": "passed",
              "speed": "fast",
              "pass": true,
              "fail": false,
              "pending": false,
              "context": "{\n  \"title\": \"cypress-mochawesome-reporter-videos-passed\",\n  \"value\": \"cypress\\\\e2e\\\\2-advanced-examples\\\\actions.cy.js\"\n}",
              "code": "cy.get(\"#scroll-horizontal button\").should(\"not.be.visible\");\ncy.get(\"#scroll-horizontal button\").scrollIntoView().should(\"be.visible\");\ncy.get(\"#scroll-vertical button\").should(\"not.be.visible\");\ncy.get(\"#scroll-vertical button\").scrollIntoView().should(\"be.visible\");\ncy.get(\"#scroll-both button\").should(\"not.be.visible\");\ncy.get(\"#scroll-both button\").scrollIntoView().should(\"be.visible\");",
              "err": {},
              "uuid": "02ccf7b1-7824-43b4-9dbe-15dbe6c463a6",
              "parentUUID": "d3c12ba0-bd75-49e2-8538-c49ece13b09d",
              "isHook": false,
              "skipped": false
            },
            {
              "title": ".trigger() - trigger an event on a DOM element",
              "fullTitle": "Actions .trigger() - trigger an event on a DOM element",
              "timedOut": null,
              "duration": 427,
              "state": "passed",
              "speed": "fast",
              "pass": true,
              "fail": false,
              "pending": false,
              "context": "{\n  \"title\": \"cypress-mochawesome-reporter-videos-passed\",\n  \"value\": \"cypress\\\\e2e\\\\2-advanced-examples\\\\actions.cy.js\"\n}",
              "code": "cy.get(\".trigger-input-range\").invoke(\"val\", 25).trigger(\"change\").get(\"input[type=range]\").siblings(\"p\").should(\"have.text\", \"25\");",
              "err": {},
              "uuid": "9d603402-2707-488a-9e1a-4f485460d30a",
              "parentUUID": "d3c12ba0-bd75-49e2-8538-c49ece13b09d",
              "isHook": false,
              "skipped": false
            },
            {
              "title": "cy.scrollTo() - scroll the window or element to a position",
              "fullTitle": "Actions cy.scrollTo() - scroll the window or element to a position",
              "timedOut": null,
              "duration": 2377,
              "state": "passed",
              "speed": "fast",
              "pass": true,
              "fail": false,
              "pending": false,
              "context": "{\n  \"title\": \"cypress-mochawesome-reporter-videos-passed\",\n  \"value\": \"cypress\\\\e2e\\\\2-advanced-examples\\\\actions.cy.js\"\n}",
              "code": "cy.scrollTo(\"bottom\");\ncy.get(\"#scrollable-horizontal\").scrollTo(\"right\");\ncy.get(\"#scrollable-vertical\").scrollTo(250, 250);\ncy.get(\"#scrollable-both\").scrollTo(\"75%\", \"25%\");\ncy.get(\"#scrollable-vertical\").scrollTo(\"center\", { easing: \"linear\" });\ncy.get(\"#scrollable-both\").scrollTo(\"center\", { duration: 2e3 });",
              "err": {},
              "uuid": "ed149fa0-b8dd-4baf-a01d-80825106ba93",
              "parentUUID": "d3c12ba0-bd75-49e2-8538-c49ece13b09d",
              "isHook": false,
              "skipped": false
            }
          ],
          "suites": [],
          "passes": [
            "61e3833b-2692-43b5-beb7-287ed27b57af",
            "027f35f0-7a9b-470d-a17a-e0ab314077bc",
            "0b8a343c-5793-41a3-93ac-aea37e9b25ab",
            "4851b4dc-fc13-41fc-9697-4c95a4bbfd7b",
            "73ed1772-6664-4224-a621-6abb0edcd7af",
            "13d61351-af07-4d18-9da6-34ba9b9236c6",
            "a5a73d2c-ea0f-4424-a0bb-0fad15909db4",
            "39e491ca-f78b-42b0-b35f-85d2d8024d0f",
            "4b0aba95-5de1-4a8e-b6b5-b22195c223d3",
            "667d3c95-4930-4da5-94ba-500560a22ab6",
            "0f818303-b691-4e85-9b5f-287b7b6c026b",
            "02ccf7b1-7824-43b4-9dbe-15dbe6c463a6",
            "9d603402-2707-488a-9e1a-4f485460d30a",
            "ed149fa0-b8dd-4baf-a01d-80825106ba93"
          ],
          "failures": [],
          "pending": [],
          "skipped": [],
          "duration": 22937,
          "root": false,
          "rootEmpty": false,
          "_timeout": 2000
        }
      ],
      "passes": [],
      "failures": [],
      "pending": [],
      "skipped": [],
      "duration": 0,
      "root": true,
      "rootEmpty": true,
      "_timeout": 2000
    }
  ],
  "meta": {
    "mocha": {
      "version": "7.0.1"
    },
    "mochawesome": {
      "options": {
        "quiet": false,
        "reportFilename": "mochawesome",
        "saveHtml": false,
        "saveJson": true,
        "consoleReporter": "spec",
        "useInlineDiffs": false,
        "code": true
      },
      "version": "7.1.3"
    },
    "marge": {
      "options": {
        "charts": true,
        "reportPageTitle": "MyReports",
        "embeddedScreenshots": true,
        "inlineAssets": true,
        "saveAllAttempts": true,
        "overwrite": false,
        "html": false,
        "json": true,
        "reportDir": "cypress\\reports\\html\\.jsons"
      },
      "version": "6.2.0"
    }
  }
}